# JRE version: Java(TM) SE Runtime Environment (8.0_92-b14) (build 1.8.0_92-b14)
# Java VM: Java HotSpot(TM) Client VM (25.92-b14 mixed mode windows-x86 )
Heap:
 def new generation   total 39424K, used 18209K [0x05200000, 0x07cc0000, 0x0fca0000)
  eden space 35072K,  51% used [0x05200000, 0x063c7b80, 0x07440000)
  from space 4352K,   0% used [0x07880000, 0x07880bf8, 0x07cc0000)
  to   space 4352K,   0% used [0x07440000, 0x07440000, 0x07880000)
 tenured generation   total 87424K, used 75061K [0x0fca0000, 0x15200000, 0x25200000)
   the space 87424K,  85% used [0x0fca0000, 0x145ed530, 0x145ed600, 0x15200000)
 Metaspace       used 19025K, capacity 19523K, committed 19584K, reserved 19840K
GC Heap History (10 events):
Event: 14744.008 GC heap before
{Heap before GC invocations=1687 (full 1):
 def new generation   total 39424K, used 35116K [0x05200000, 0x07cc0000, 0x0fca0000)
  eden space 35072K, 100% used [0x05200000, 0x07440000, 0x07440000)
  from space 4352K,   1% used [0x07440000, 0x0744b358, 0x07880000)
  to   space 4352K,   0% used [0x07880000, 0x07880000, 0x07cc0000)
 tenured generation   total 87424K, used 75061K [0x0fca0000, 0x15200000, 0x25200000)
   the space 87424K,  85% used [0x0fca0000, 0x145ed530, 0x145ed600, 0x15200000)
 Metaspace       used 19025K, capacity 19523K, committed 19584K, reserved 19840K
Event: 14744.009 GC heap after
Heap after GC invocations=1688 (full 1):
 def new generation   total 39424K, used 44K [0x05200000, 0x07cc0000, 0x0fca0000)
  eden space 35072K,   0% used [0x05200000, 0x05200000, 0x07440000)
  from space 4352K,   1% used [0x07880000, 0x0788b2f0, 0x07cc0000)
  to   space 4352K,   0% used [0x07440000, 0x07440000, 0x07880000)
 tenured generation   total 87424K, used 75061K [0x0fca0000, 0x15200000, 0x25200000)
   the space 87424K,  85% used [0x0fca0000, 0x145ed530, 0x145ed600, 0x15200000)
 Metaspace       used 19025K, capacity 19523K, committed 19584K, reserved 19840K
}
Event: 14747.446 GC heap before
{Heap before GC invocations=1688 (full 1):
 def new generation   total 39424K, used 35116K [0x05200000, 0x07cc0000, 0x0fca0000)
  eden space 35072K, 100% used [0x05200000, 0x07440000, 0x07440000)
  from space 4352K,   1% used [0x07880000, 0x0788b2f0, 0x07cc0000)
  to   space 4352K,   0% used [0x07440000, 0x07440000, 0x07880000)
 tenured generation   total 87424K, used 75061K [0x0fca0000, 0x15200000, 0x25200000)
   the space 87424K,  85% used [0x0fca0000, 0x145ed530, 0x145ed600, 0x15200000)
 Metaspace       used 19025K, capacity 19523K, committed 19584K, reserved 19840K
Event: 14747.447 GC heap after
Heap after GC invocations=1689 (full 1):
 def new generation   total 39424K, used 3K [0x05200000, 0x07cc0000, 0x0fca0000)
  eden space 35072K,   0% used [0x05200000, 0x05200000, 0x07440000)
  from space 4352K,   0% used [0x07440000, 0x07440e48, 0x07880000)
  to   space 4352K,   0% used [0x07880000, 0x07880000, 0x07cc0000)
 tenured generation   total 87424K, used 75061K [0x0fca0000, 0x15200000, 0x25200000)
   the space 87424K,  85% used [0x0fca0000, 0x145ed530, 0x145ed600, 0x15200000)
 Metaspace       used 19025K, capacity 19523K, committed 19584K, reserved 19840K
}
Event: 14750.968 GC heap before
{Heap before GC invocations=1689 (full 1):
 def new generation   total 39424K, used 35075K [0x05200000, 0x07cc0000, 0x0fca0000)
  eden space 35072K, 100% used [0x05200000, 0x07440000, 0x07440000)
  from space 4352K,   0% used [0x07440000, 0x07440e48, 0x07880000)
  to   space 4352K,   0% used [0x07880000, 0x07880000, 0x07cc0000)
 tenured generation   total 87424K, used 75061K [0x0fca0000, 0x15200000, 0x25200000)
   the space 87424K,  85% used [0x0fca0000, 0x145ed530, 0x145ed600, 0x15200000)
 Metaspace       used 19025K, capacity 19523K, committed 19584K, reserved 19840K
Event: 14750.969 GC heap after
Heap after GC invocations=1690 (full 1):
 def new generation   total 39424K, used 3K [0x05200000, 0x07cc0000, 0x0fca0000)
  eden space 35072K,   0% used [0x05200000, 0x05200000, 0x07440000)
  from space 4352K,   0% used [0x07880000, 0x07880d30, 0x07cc0000)
  to   space 4352K,   0% used [0x07440000, 0x07440000, 0x07880000)
 tenured generation   total 87424K, used 75061K [0x0fca0000, 0x15200000, 0x25200000)
   the space 87424K,  85% used [0x0fca0000, 0x145ed530, 0x145ed600, 0x15200000)
 Metaspace       used 19025K, capacity 19523K, committed 19584K, reserved 19840K
}
Event: 14754.462 GC heap before
{Heap before GC invocations=1690 (full 1):
 def new generation   total 39424K, used 35075K [0x05200000, 0x07cc0000, 0x0fca0000)
  eden space 35072K, 100% used [0x05200000, 0x07440000, 0x07440000)
  from space 4352K,   0% used [0x07880000, 0x07880d30, 0x07cc0000)
  to   space 4352K,   0% used [0x07440000, 0x07440000, 0x07880000)
 tenured generation   total 87424K, used 75061K [0x0fca0000, 0x15200000, 0x25200000)
   the space 87424K,  85% used [0x0fca0000, 0x145ed530, 0x145ed600, 0x15200000)
 Metaspace       used 19025K, capacity 19523K, committed 19584K, reserved 19840K
Event: 14754.464 GC heap after
Heap after GC invocations=1691 (full 1):
 def new generation   total 39424K, used 3K [0x05200000, 0x07cc0000, 0x0fca0000)
  eden space 35072K,   0% used [0x05200000, 0x05200000, 0x07440000)
  from space 4352K,   0% used [0x07440000, 0x07440c10, 0x07880000)
  to   space 4352K,   0% used [0x07880000, 0x07880000, 0x07cc0000)
 tenured generation   total 87424K, used 75061K [0x0fca0000, 0x15200000, 0x25200000)
   the space 87424K,  85% used [0x0fca0000, 0x145ed530, 0x145ed600, 0x15200000)
 Metaspace       used 19025K, capacity 19523K, committed 19584K, reserved 19840K
}
Event: 14757.998 GC heap before
{Heap before GC invocations=1691 (full 1):
 def new generation   total 39424K, used 35075K [0x05200000, 0x07cc0000, 0x0fca0000)
  eden space 35072K, 100% used [0x05200000, 0x07440000, 0x07440000)
  from space 4352K,   0% used [0x07440000, 0x07440c10, 0x07880000)
  to   space 4352K,   0% used [0x07880000, 0x07880000, 0x07cc0000)
 tenured generation   total 87424K, used 75061K [0x0fca0000, 0x15200000, 0x25200000)
   the space 87424K,  85% used [0x0fca0000, 0x145ed530, 0x145ed600, 0x15200000)
 Metaspace       used 19025K, capacity 19523K, committed 19584K, reserved 19840K
Event: 14757.999 GC heap after
Heap after GC invocations=1692 (full 1):
 def new generation   total 39424K, used 2K [0x05200000, 0x07cc0000, 0x0fca0000)
  eden space 35072K,   0% used [0x05200000, 0x05200000, 0x07440000)
  from space 4352K,   0% used [0x07880000, 0x07880bf8, 0x07cc0000)
  to   space 4352K,   0% used [0x07440000, 0x07440000, 0x07880000)
 tenured generation   total 87424K, used 75061K [0x0fca0000, 0x15200000, 0x25200000)
   the space 87424K,  85% used [0x0fca0000, 0x145ed530, 0x145ed600, 0x15200000)
 Metaspace       used 19025K, capacity 19523K, committed 19584K, reserved 19840K
}

